Tweet 10 does not exist
Tweet 11 does not exist
Tweet 12 does not exist
Tweet 13 does not exist
Tweet 14 does not exist
Tweet 15 does not exist
Tweet 16 does not exist
Tweet 17 does not exist
Tweet 18 does not exist
Tweet 19 does not exist
Tweet 100000 does not exist
Tweet 100001 does not exist
Tweet 100002 does not exist
Tweet 1000000 does not exist
Tweet 1000001 does not exist
Tweet 1000002 does not exist
Tweet 10000000 does not exist
Tweet 100000000 does not exist
Tweet 100000001 does not exist
Tweet 100000002 does not exist
Tweet 100000003 does not exist
Tweet 100000004 does not exist
Tweet 100000005 does not exist
Tweet 100000006 does not exist
Tweet 100000007 does not exist
Tweet 100000008 does not exist
Tweet 100000009 does not exist
Tweet 100000010 does not exist
Tweet 100000011 does not exist
Tweet 100000000000 does not exist
Tweet 100000000001 does not exist
Tweet 100000000002 does not exist
Tweet 100000000003 does not exist
Tweet 100000000004 does not exist
Tweet 100000000005 does not exist
Tweet 100000000006 does not exist
Tweet 100000000007 does not exist
Tweet 100000000008 does not exist
Tweet 100000000009 does not exist
Tweet 100000000010 does not exist
Tweet 100000000011 does not exist
Tweet 100000000012 does not exist
Tweet 100000000013 does not exist
Tweet 100000000014 does not exist
Tweet 100000000015 does not exist
Tweet 100000000016 does not exist
Tweet 100000000017 does not exist
Tweet 100000000018 does not exist
Tweet 100000000019 does not exist
Tweet 100000000020 does not exist
Tweet 100000000021 does not exist
Tweet 100000000022 does not exist
Tweet 100000000023 does not exist
Tweet 100000000024 does not exist
Tweet 100000000025 does not exist
Tweet 100000000026 does not exist
Tweet 100000000027 does not exist
Tweet 100000000028 does not exist
Tweet 100000000029 does not exist
Tweet 100000000030 does not exist
Tweet 100000000031 does not exist
Tweet 100000000032 does not exist
Tweet 100000000033 does not exist
Tweet 100000000034 does not exist
Tweet 100000000035 does not exist
Tweet 100000000036 does not exist
Tweet 100000000037 does not exist
Tweet 100000000038 does not exist
Tweet 100000000039 does not exist
Tweet 100000000040 does not exist
Tweet 100000000041 does not exist
Tweet 100000000042 does not exist
Tweet 100000000043 does not exist
Tweet 100000000044 does not exist
Tweet 100000000045 does not exist
Tweet 100000000046 does not exist
Tweet 100000000047 does not exist
Tweet 100000000048 does not exist
Tweet 100000000049 does not exist
Tweet 100000000050 does not exist
Tweet 100000000051 does not exist
Tweet 100000000052 does not exist
Tweet 100000000053 does not exist
Tweet 100000000054 does not exist
Tweet 100000000055 does not exist
Tweet 100000000056 does not exist
Tweet 100000000057 does not exist
Tweet 100000000058 does not exist
Tweet 100000000059 does not exist
Tweet 100000000060 does not exist
Tweet 100000000061 does not exist
Tweet 100000000062 does not exist
Tweet 100000000063 does not exist
Tweet 100000000064 does not exist
Tweet 100000000065 does not exist
Tweet 100000000066 does not exist
Tweet 100000000067 does not exist
Tweet 100000000068 does not exist
Tweet 100000000069 does not exist
Tweet 100000000070 does not exist
Tweet 100000000071 does not exist
Tweet 100000000072 does not exist
Tweet 100000000073 does not exist
Tweet 100000000074 does not exist
Tweet 100000000075 does not exist
Tweet 100000000076 does not exist
Tweet 100000000077 does not exist
Tweet 100000000078 does not exist
Tweet 100000000079 does not exist
Tweet 100000000080 does not exist
Tweet 100000000081 does not exist
Tweet 100000000082 does not exist
Tweet 100000000083 does not exist
Tweet 100000000084 does not exist
Tweet 100000000085 does not exist
Tweet 100000000086 does not exist
Tweet 100000000087 does not exist
Tweet 100000000088 does not exist
Tweet 100000000089 does not exist
Tweet 100000000090 does not exist
Tweet 100000000091 does not exist
Tweet 100000000092 does not exist
Tweet 100000000093 does not exist
Tweet 100000000094 does not exist
Tweet 100000000095 does not exist
Tweet 100000000096 does not exist
Tweet 100000000097 does not exist
Tweet 100000000098 does not exist
Tweet 100000000099 does not exist
Tweet 100000000100 does not exist
Tweet 100000000101 does not exist
Tweet 100000000102 does not exist
Tweet 100000000103 does not exist
Tweet 100000000104 does not exist
Tweet 100000000105 does not exist
Tweet 100000000106 does not exist
Tweet 100000000107 does not exist
Tweet 100000000108 does not exist
Tweet 100000000109 does not exist
Tweet 100000000110 does not exist
Tweet 100000000111 does not exist
Tweet 100000000112 does not exist
Tweet 100000000113 does not exist
Tweet 100000000114 does not exist
Tweet 100000000115 does not exist
Tweet 100000000116 does not exist
Tweet 100000000117 does not exist
Tweet 100000000118 does not exist
Tweet 100000000119 does not exist
Tweet 100000000120 does not exist
Tweet 100000000121 does not exist
Tweet 100000000122 does not exist
Tweet 100000000123 does not exist
Tweet 100000000124 does not exist
Tweet 100000000125 does not exist
Tweet 100000000126 does not exist
Tweet 100000000127 does not exist
Tweet 100000000128 does not exist
Tweet 100000000129 does not exist
Tweet 100000000130 does not exist
Tweet 100000000131 does not exist
Tweet 100000000132 does not exist
Tweet 100000000133 does not exist
Tweet 100000000134 does not exist
Tweet 100000000135 does not exist
Tweet 100000000136 does not exist
Tweet 100000000137 does not exist
Tweet 100000000138 does not exist
Tweet 100000000139 does not exist
Tweet 100000000140 does not exist
Tweet 100000000141 does not exist
Tweet 100000000142 does not exist
Tweet 100000000143 does not exist
Tweet 100000000144 does not exist
Tweet 100000000145 does not exist
Tweet 100000000146 does not exist
Tweet 100000000147 does not exist
Tweet 100000000148 does not exist
Tweet 100000000149 does not exist
Tweet 100000000150 does not exist
Tweet 100000000151 does not exist
Tweet 100000000152 does not exist
Tweet 100000000153 does not exist
Tweet 100000000154 does not exist
Tweet 100000000155 does not exist
Tweet 100000000156 does not exist
Tweet 100000000157 does not exist
Tweet 100000000158 does not exist
Tweet 100000000159 does not exist
Tweet 100000000160 does not exist
Tweet 100000000161 does not exist
Tweet 100000000162 does not exist
Tweet 100000000163 does not exist
Tweet 100000000164 does not exist
Tweet 100000000165 does not exist
Tweet 100000000166 does not exist
Tweet 100000000167 does not exist
Tweet 100000000168 does not exist
Tweet 100000000169 does not exist
Tweet 100000000170 does not exist
Tweet 100000000171 does not exist
Tweet 100000000172 does not exist
Tweet 100000000173 does not exist
Tweet 100000000174 does not exist
Tweet 100000000175 does not exist
Tweet 100000000176 does not exist
Tweet 100000000177 does not exist
Tweet 100000000178 does not exist
Tweet 100000000179 does not exist
Tweet 100000000180 does not exist
Tweet 100000000181 does not exist
Tweet 100000000182 does not exist
Tweet 100000000183 does not exist
Tweet 100000000184 does not exist
Tweet 100000000185 does not exist
Tweet 100000000186 does not exist
Tweet 100000000187 does not exist
Tweet 100000000188 does not exist
Tweet 100000000189 does not exist
Tweet 100000000190 does not exist
Tweet 100000000191 does not exist
Tweet 100000000192 does not exist
Tweet 100000000193 does not exist
Tweet 100000000194 does not exist
Tweet 100000000195 does not exist
Tweet 100000000196 does not exist
Tweet 100000000197 does not exist
Tweet 100000000198 does not exist
Tweet 100000000199 does not exist
Tweet 100000000200 does not exist
Tweet 100000000201 does not exist
Tweet 100000000202 does not exist
Tweet 100000000203 does not exist
Tweet 100000000204 does not exist
Tweet 100000000205 does not exist
Tweet 100000000206 does not exist
Tweet 100000000207 does not exist
Tweet 100000000208 does not exist
Tweet 100000000209 does not exist
Tweet 100000000210 does not exist
Tweet 100000000211 does not exist
Tweet 100000000212 does not exist
Tweet 100000000213 does not exist
Tweet 100000000214 does not exist
Tweet 100000000215 does not exist
Tweet 100000000216 does not exist
Tweet 100000000217 does not exist
Tweet 100000000218 does not exist
Tweet 100000000219 does not exist
Tweet 100000000220 does not exist
Tweet 100000000221 does not exist
Tweet 100000000222 does not exist
Tweet 100000000223 does not exist
Tweet 100000000224 does not exist
Tweet 100000000225 does not exist
Tweet 100000000226 does not exist
Tweet 100000000227 does not exist
Tweet 100000000228 does not exist
Tweet 100000000229 does not exist
Tweet 100000000230 does not exist
Tweet 100000000231 does not exist
Tweet 100000000232 does not exist
Tweet 100000000233 does not exist
Tweet 100000000234 does not exist
Tweet 100000000235 does not exist
Tweet 100000000236 does not exist
Tweet 100000000237 does not exist
Tweet 100000000238 does not exist
Tweet 100000000239 does not exist
Tweet 100000000240 does not exist
Tweet 100000000241 does not exist
Tweet 100000000242 does not exist
Tweet 100000000243 does not exist
Tweet 100000000244 does not exist
Tweet 100000000245 does not exist
Tweet 100000000246 does not exist
Tweet 100000000247 does not exist
Tweet 100000000248 does not exist
Tweet 100000000249 does not exist
Tweet 100000000250 does not exist
Tweet 100000000251 does not exist
Tweet 100000000252 does not exist
Tweet 100000000253 does not exist
Tweet 100000000254 does not exist
Tweet 100000000255 does not exist
Tweet 100000000256 does not exist
Tweet 100000000257 does not exist
Tweet 100000000258 does not exist
Tweet 100000000259 does not exist
Tweet 100000000260 does not exist
Tweet 100000000261 does not exist
Tweet 100000000262 does not exist
Tweet 100000000263 does not exist
Tweet 100000000264 does not exist
Tweet 100000000265 does not exist
Tweet 100000000266 does not exist
Tweet 100000000267 does not exist
Tweet 100000000268 does not exist
Tweet 100000000269 does not exist
Tweet 100000000270 does not exist
Tweet 100000000271 does not exist
Tweet 100000000272 does not exist
Tweet 100000000273 does not exist
Tweet 100000000274 does not exist
Tweet 100000000275 does not exist
Tweet 100000000276 does not exist
Tweet 100000000277 does not exist
Tweet 100000000278 does not exist
Tweet 100000000279 does not exist
Tweet 100000000280 does not exist
Tweet 100000000281 does not exist
Tweet 100000000282 does not exist
Tweet 100000000283 does not exist
Tweet 100000000284 does not exist
Tweet 100000000285 does not exist
Tweet 100000000286 does not exist
Tweet 100000000287 does not exist
Tweet 100000000288 does not exist
Tweet 100000000289 does not exist
Tweet 100000000290 does not exist
Tweet 100000000291 does not exist
Tweet 100000000292 does not exist
Tweet 100000000293 does not exist
Tweet 100000000294 does not exist
Tweet 100000000295 does not exist
Tweet 100000000296 does not exist
Tweet 100000000297 does not exist
Tweet 100000000298 does not exist
Tweet 100000000299 does not exist
Tweet 100000000300 does not exist
Tweet 100000000301 does not exist
Tweet 100000000302 does not exist
Tweet 100000000303 does not exist
Tweet 100000000304 does not exist
Tweet 100000000305 does not exist
Tweet 100000000306 does not exist
Tweet 100000000307 does not exist
Tweet 100000000308 does not exist
Tweet 100000000309 does not exist
Tweet 100000000310 does not exist
Tweet 100000000311 does not exist
Tweet 100000000312 does not exist
Tweet 100000000313 does not exist
Tweet 100000000314 does not exist
Tweet 100000000315 does not exist
Tweet 100000000316 does not exist
Tweet 100000000317 does not exist
Tweet 100000000318 does not exist
Tweet 100000000319 does not exist
Tweet 100000000320 does not exist
Tweet 100000000321 does not exist
Tweet 100000000322 does not exist
Tweet 100000000323 does not exist
Tweet 100000000324 does not exist
Tweet 100000000325 does not exist
Tweet 100000000326 does not exist
Tweet 100000000327 does not exist
Tweet 100000000328 does not exist
Tweet 100000000329 does not exist
Tweet 100000000330 does not exist
Tweet 100000000331 does not exist
Tweet 100000000332 does not exist
Tweet 100000000333 does not exist
Tweet 100000000334 does not exist
Tweet 100000000335 does not exist
Tweet 100000000336 does not exist
Tweet 10000000033Traceback (most recent call last):
  File "twitter_ids.py", line 50, in <module>
    get_tweet(i)
  File "twitter_ids.py", line 45, in get_tweet
    time.sleep(6)
KeyboardInterrupt
Tweet 100000000000 does not exist
Tweet 100000000008 does not exist
Tweet 100000000012 does not exist
Tweet 100000000022 does not exist
Tweet 100000000030 does not exist
Tweet 100000000031 does not exist
Tweet 100000000036 does not exist
Tweet 100000000043 does not exist
Tweet 100000000050 does not exist
Tweet 100000000055 does not exist
Tweet 100000000061 does not exist
Tweet 100000000064 does not exist
Tweet 100000000064 does not exist
Tweet 100000000065 does not exist
Tweet 100000000071 does not exist
Tweet 100000000072 does not exist
Tweet 100000000076 does not exist
Tweet 100000000077 does not exist
Tweet 100000000077 does not exist
Tweet 100000000086 does not exist
Tweet 100000000093 does not exist
Tweet 100000000095 does not exist
Tweet 100000000104 does not exist
Tweet 100000000107 does not exist
Tweet 100000000117 does not exist
Tweet 100000000118 does not exist
Tweet 100000000125 does not exist
Tweet 100000000128 does not exist
Tweet 100000000129 does not exist
Tweet 100000000129 does not exist
Tweet 100000000129 does not exist
Tweet 100000000136 does not exist
Tweet 100000000139 does not exist
Tweet 100000000140 does not exist
Tweet 100000000147 does not exist
Tweet 100000000157 does not exist
Tweet 100000000167 does not exist
Tweet 100000000172 does not exist
Tweet 100000000181 does not exist
Tweet 100000000183 does not exist
Tweet 100000000187 does not exist
Tweet 100000000191 does not exist
Tweet 100000000195 does not exist
Tweet 100000000197 does not exist
Tweet 100000000197 does not exist
Tweet 100000000198 does not exist
Tweet 100000000203 does not exist
Tweet 100000000211 does not exist
Tweet 100000000220 does not exist
Tweet 100000000225 does not exist
Tweet 100000000227 does not exist
Tweet 100000000231 does not exist
Tweet 100000000241 does not exist
Tweet 100000000244 does not exist
Tweet 100000000254 does not exist
Tweet 100000000264 does not exist
Tweet 100000000274 does not exist
Tweet 100000000283 does not exist
Tweet 100000000293 does not exist
Tweet 100000000295 does not exist
Tweet 100000000298 does not exist
Traceback (most recent call last):
  File "twitter_ids.py", line 50, in <module>
    get_tweet(i)
  File "twitter_ids.py", line 45, in get_tweet
    time.sleep(6)
KeyboardInterrupt
